<?xml version="1.0" encoding="UTF-8"?>
<beans xmlns="http://www.springframework.org/schema/beans"
	xmlns:xsi="http://www.w3.org/2001/XMLSchema-instance" xmlns:beans="http://www.springframework.org/schema/beans"
	xmlns:context="http://www.springframework.org/schema/context"
	xmlns:mvc="http://www.springframework.org/schema/mvc"
	xsi:schemaLocation="http://www.springframework.org/schema/mvc 
    http://www.springframework.org/schema/mvc/spring-mvc.xsd
    http://www.springframework.org/schema/beans 
    http://www.springframework.org/schema/beans/spring-beans.xsd
    http://www.springframework.org/schema/context 
    http://www.springframework.org/schema/context/spring-context.xsd">


	<mvc:annotation-driven />

	
	<mvc:resources mapping="/dtp/**" location="/dtp/" />
	<mvc:resources mapping="/login/**" location="/gui/login/build/" />
	<mvc:resources mapping="/home/**" location="/gui/home/build/" />


	<context:component-scan
		base-package="com.cs.ui.*" />

	<context:property-placeholder location="${DATABASE_PROPERTIES}, ${DATA_INTEGRATION_PROPERTIES}, ${SAML}, ${AUDIT_LOG_PROPERTIES}, ${PXP_LOG_PROPERTIES}"/> 

	<mvc:interceptors>
    	<mvc:interceptor> 
        	<mvc:mapping path="/**"/>
        	<mvc:exclude-mapping path="/getlogin"/>
        	<mvc:exclude-mapping path="/idplogin/**"/>
        	<mvc:exclude-mapping path="/home/static/**"/>
            <mvc:exclude-mapping path="/login/static/**"/>
        	<mvc:exclude-mapping path="/shopLogin"/>
        	<mvc:exclude-mapping path="/shopLogin2"/>
        	<mvc:exclude-mapping path="/runtime/qualitysummary"/>
        	<mvc:exclude-mapping path="/runtime/groupsummary/**"/>
        	<mvc:exclude-mapping path="/runtime/dashboardsummary/**"/>
        	<mvc:exclude-mapping path="/runtime/statictranslations/get"/>
        	<mvc:exclude-mapping path="/config/defaultandsupportedlang"/>
            <mvc:exclude-mapping path="/config/logoconfigurations"/>
            <mvc:exclude-mapping path="/config/adminconfigurations"/>
            <mvc:exclude-mapping path="/config/migrationforthemeconfiguration19_1SR"/>
            <mvc:exclude-mapping path="/config/validateUser"/>
            <mvc:exclude-mapping path="/config/languagesinfo"/>
            <mvc:exclude-mapping path="/asset/Icons/**"/>
        	<mvc:exclude-mapping path="/dtp"/>
        	<mvc:exclude-mapping path="/config/languagesinfo"/>
        	<mvc:exclude-mapping path="/dtp/*"/>
        	<mvc:exclude-mapping path="/datainitialization*"/>
        	<mvc:exclude-mapping path ="/bgp/*"/>
        	<bean class="com.cs.ui.runtime.controller.usecase.interceptor.LoginInterceptor" />
    	</mvc:interceptor>
    	<bean class="com.cs.ui.runtime.controller.usecase.interceptor.RequestInterceptor" />
	</mvc:interceptors>
	
	<mvc:annotation-driven>
		<mvc:message-converters>
			<bean
				class="org.springframework.http.converter.json.MappingJackson2HttpMessageConverter">
			</bean>
		</mvc:message-converters>
	</mvc:annotation-driven>

	<bean id="multipartResolver"
		class="org.springframework.web.multipart.commons.CommonsMultipartResolver">
		<property name="maxUploadSize" value="100000000000000" />
	</bean>

</beans>
